<?xml version="1.0" encoding="UTF-8"?>
<!-- Generated by org.testng.reporters.JUnitXMLReporter -->
<testsuite ignored="0" hostname="SanghamitrasMBP" failures="1" tests="2" name="Surefire test" time="16.093" errors="0" timestamp="26 Dec 2024 16:30:27 GMT">
  <testcase classname="io.cucumber.testng.AbstractTestNGCucumberTests" name="runScenario" time="9.144"/>
  <testcase classname="io.cucumber.testng.AbstractTestNGCucumberTests" name="runScenario" time="6.813">
    <failure type="java.lang.AssertionError" message="expected [true] but found [false]">
      <![CDATA[java.lang.AssertionError: expected [true] but found [false]
at parallel.LoginPageSteps.validateURL(LoginPageSteps.java:38)
at âœ½.validate the url contains "xyz"(file:///Users/sanghamitrabhowmick/Documents/cucumberjavaarchitecture/src/test/resources/parallel/LoginPage.feature:15)
... Removed 4 stack frames]]>
    </failure>
  </testcase> <!-- runScenario -->
</testsuite> <!-- Surefire test -->
